Nov 13, 2024 4:54:05 PM com.example.demo.Projectile finalize
INFO: com.example.demo.UserProjectile class is garbage collected
Nov 13, 2024 4:54:05 PM com.example.demo.Projectile finalize
INFO: com.example.demo.UserProjectile class is garbage collected
Nov 13, 2024 4:54:05 PM com.example.demo.Projectile finalize
INFO: com.example.demo.UserProjectile class is garbage collected
Nov 13, 2024 4:54:05 PM com.example.demo.Projectile finalize
INFO: com.example.demo.UserProjectile class is garbage collected
Nov 13, 2024 4:54:05 PM com.example.demo.Projectile finalize
INFO: com.example.demo.UserProjectile class is garbage collected
Nov 13, 2024 4:54:05 PM com.example.demo.Projectile finalize
INFO: com.example.demo.UserProjectile class is garbage collected
Nov 13, 2024 4:54:05 PM com.example.demo.Projectile finalize
INFO: com.example.demo.UserProjectile class is garbage collected
Nov 13, 2024 4:54:05 PM com.example.demo.Projectile finalize
INFO: com.example.demo.UserProjectile class is garbage collected
Nov 13, 2024 4:54:05 PM com.example.demo.Projectile finalize
INFO: com.example.demo.UserProjectile class is garbage collected
Nov 13, 2024 4:54:05 PM com.example.demo.Projectile finalize
INFO: com.example.demo.UserProjectile class is garbage collected
Nov 13, 2024 4:54:05 PM com.example.demo.Projectile finalize
INFO: com.example.demo.UserProjectile class is garbage collected
Nov 13, 2024 4:54:05 PM com.example.demo.Projectile finalize
INFO: com.example.demo.UserProjectile class is garbage collected
Nov 13, 2024 4:54:05 PM com.example.demo.Projectile finalize
INFO: com.example.demo.UserProjectile class is garbage collected
Nov 13, 2024 4:54:05 PM com.example.demo.Projectile finalize
INFO: com.example.demo.UserProjectile class is garbage collected
Nov 13, 2024 4:54:05 PM com.example.demo.Projectile finalize
INFO: com.example.demo.UserProjectile class is garbage collected
Nov 13, 2024 4:54:05 PM com.example.demo.Projectile finalize
INFO: com.example.demo.UserProjectile class is garbage collected
Nov 13, 2024 4:54:05 PM com.example.demo.Projectile finalize
INFO: com.example.demo.UserProjectile class is garbage collected
Nov 13, 2024 4:54:05 PM com.example.demo.Projectile finalize
INFO: com.example.demo.UserProjectile class is garbage collected
Nov 13, 2024 4:54:05 PM com.example.demo.Projectile finalize
INFO: com.example.demo.UserProjectile class is garbage collected
Nov 13, 2024 4:54:05 PM com.example.demo.Projectile finalize
INFO: com.example.demo.UserProjectile class is garbage collected
Nov 13, 2024 4:54:05 PM com.example.demo.Projectile finalize
INFO: com.example.demo.UserProjectile class is garbage collected
Nov 13, 2024 4:54:05 PM com.example.demo.Projectile finalize
INFO: com.example.demo.UserProjectile class is garbage collected
Nov 13, 2024 4:54:05 PM com.example.demo.Projectile finalize
INFO: com.example.demo.UserProjectile class is garbage collected
Nov 13, 2024 4:54:05 PM com.example.demo.Projectile finalize
INFO: com.example.demo.UserProjectile class is garbage collected
Nov 13, 2024 4:54:05 PM com.example.demo.Projectile finalize
INFO: com.example.demo.UserProjectile class is garbage collected
Nov 13, 2024 4:54:05 PM com.example.demo.Projectile finalize
INFO: com.example.demo.UserProjectile class is garbage collected
Nov 13, 2024 4:54:05 PM com.example.demo.Projectile finalize
INFO: com.example.demo.UserProjectile class is garbage collected
Nov 13, 2024 4:54:05 PM com.example.demo.Projectile finalize
INFO: com.example.demo.UserProjectile class is garbage collected
Nov 13, 2024 4:54:05 PM com.example.demo.Projectile finalize
INFO: com.example.demo.UserProjectile class is garbage collected
Nov 13, 2024 4:54:05 PM com.example.demo.Projectile finalize
INFO: com.example.demo.UserProjectile class is garbage collected
Nov 13, 2024 4:54:05 PM com.example.demo.Projectile finalize
INFO: com.example.demo.UserProjectile class is garbage collected
Nov 13, 2024 4:54:05 PM com.example.demo.Projectile finalize
INFO: com.example.demo.UserProjectile class is garbage collected
Nov 13, 2024 4:54:05 PM com.example.demo.Projectile finalize
INFO: com.example.demo.UserProjectile class is garbage collected
Nov 13, 2024 4:54:05 PM com.example.demo.Projectile finalize
INFO: com.example.demo.UserProjectile class is garbage collected
Nov 13, 2024 4:54:05 PM com.example.demo.Projectile finalize
INFO: com.example.demo.UserProjectile class is garbage collected
Nov 13, 2024 4:54:05 PM com.example.demo.Projectile finalize
INFO: com.example.demo.UserProjectile class is garbage collected
Nov 13, 2024 4:54:05 PM com.example.demo.Projectile finalize
INFO: com.example.demo.UserProjectile class is garbage collected
Nov 13, 2024 4:54:05 PM com.example.demo.Projectile finalize
INFO: com.example.demo.UserProjectile class is garbage collected
Nov 13, 2024 4:54:05 PM com.example.demo.Projectile finalize
INFO: com.example.demo.UserProjectile class is garbage collected
Nov 13, 2024 4:54:05 PM com.example.demo.Projectile finalize
INFO: com.example.demo.UserProjectile class is garbage collected
Nov 13, 2024 4:54:05 PM com.example.demo.Projectile finalize
INFO: com.example.demo.UserProjectile class is garbage collected
Nov 13, 2024 4:54:05 PM com.example.demo.Projectile finalize
INFO: com.example.demo.UserProjectile class is garbage collected
Nov 13, 2024 4:54:05 PM com.example.demo.Projectile finalize
INFO: com.example.demo.UserProjectile class is garbage collected
Nov 13, 2024 4:54:05 PM com.example.demo.Projectile finalize
INFO: com.example.demo.UserProjectile class is garbage collected
Nov 13, 2024 4:54:05 PM com.example.demo.Projectile finalize
INFO: com.example.demo.UserProjectile class is garbage collected
Nov 13, 2024 4:54:05 PM com.example.demo.Projectile finalize
INFO: com.example.demo.UserProjectile class is garbage collected
Nov 13, 2024 4:54:05 PM com.example.demo.Projectile finalize
INFO: com.example.demo.UserProjectile class is garbage collected
Nov 13, 2024 4:54:05 PM com.example.demo.Projectile finalize
INFO: com.example.demo.UserProjectile class is garbage collected
Nov 13, 2024 4:54:05 PM com.example.demo.Projectile finalize
INFO: com.example.demo.UserProjectile class is garbage collected
Nov 13, 2024 4:54:05 PM com.example.demo.Projectile finalize
INFO: com.example.demo.EnemyProjectile class is garbage collected
Nov 13, 2024 4:54:05 PM com.example.demo.Projectile finalize
INFO: com.example.demo.UserProjectile class is garbage collected
Nov 13, 2024 4:54:05 PM com.example.demo.Projectile finalize
INFO: com.example.demo.UserProjectile class is garbage collected
Nov 13, 2024 4:54:05 PM com.example.demo.Projectile finalize
INFO: com.example.demo.UserProjectile class is garbage collected
Nov 13, 2024 4:54:05 PM com.example.demo.Projectile finalize
INFO: com.example.demo.UserProjectile class is garbage collected
Nov 13, 2024 4:54:05 PM com.example.demo.Projectile finalize
INFO: com.example.demo.UserProjectile class is garbage collected
Nov 13, 2024 4:54:05 PM com.example.demo.Projectile finalize
INFO: com.example.demo.UserProjectile class is garbage collected
Nov 13, 2024 4:54:05 PM com.example.demo.Projectile finalize
INFO: com.example.demo.UserProjectile class is garbage collected
Nov 13, 2024 4:54:05 PM com.example.demo.Projectile finalize
INFO: com.example.demo.UserProjectile class is garbage collected
Nov 13, 2024 4:54:05 PM com.example.demo.Projectile finalize
INFO: com.example.demo.UserProjectile class is garbage collected
Nov 13, 2024 4:54:05 PM com.example.demo.Projectile finalize
INFO: com.example.demo.UserProjectile class is garbage collected
Nov 13, 2024 4:54:05 PM com.example.demo.Projectile finalize
INFO: com.example.demo.UserProjectile class is garbage collected
Nov 13, 2024 4:54:05 PM com.example.demo.Projectile finalize
INFO: com.example.demo.UserProjectile class is garbage collected
Nov 13, 2024 4:54:05 PM com.example.demo.Projectile finalize
INFO: com.example.demo.UserProjectile class is garbage collected
Nov 13, 2024 4:54:05 PM com.example.demo.Projectile finalize
INFO: com.example.demo.UserProjectile class is garbage collected
Nov 13, 2024 4:54:05 PM com.example.demo.Projectile finalize
INFO: com.example.demo.UserProjectile class is garbage collected
Nov 13, 2024 4:54:05 PM com.example.demo.Projectile finalize
INFO: com.example.demo.UserProjectile class is garbage collected
Nov 13, 2024 4:54:05 PM com.example.demo.Projectile finalize
INFO: com.example.demo.UserProjectile class is garbage collected
Nov 13, 2024 4:54:05 PM com.example.demo.Projectile finalize
INFO: com.example.demo.UserProjectile class is garbage collected
Nov 13, 2024 4:54:05 PM com.example.demo.Projectile finalize
INFO: com.example.demo.UserProjectile class is garbage collected
Nov 13, 2024 4:54:05 PM com.example.demo.Projectile finalize
INFO: com.example.demo.UserProjectile class is garbage collected
Nov 13, 2024 4:54:05 PM com.example.demo.Projectile finalize
INFO: com.example.demo.UserProjectile class is garbage collected
Nov 13, 2024 4:54:05 PM com.example.demo.Projectile finalize
INFO: com.example.demo.UserProjectile class is garbage collected
Nov 13, 2024 4:54:05 PM com.example.demo.Projectile finalize
INFO: com.example.demo.UserProjectile class is garbage collected
Nov 13, 2024 4:54:05 PM com.example.demo.Projectile finalize
INFO: com.example.demo.UserProjectile class is garbage collected
Nov 13, 2024 4:54:05 PM com.example.demo.Projectile finalize
INFO: com.example.demo.UserProjectile class is garbage collected
Nov 13, 2024 4:54:05 PM com.example.demo.Projectile finalize
INFO: com.example.demo.UserProjectile class is garbage collected
Nov 13, 2024 4:54:05 PM com.example.demo.Projectile finalize
INFO: com.example.demo.UserProjectile class is garbage collected
Nov 13, 2024 4:54:05 PM com.example.demo.Projectile finalize
INFO: com.example.demo.UserProjectile class is garbage collected
Nov 13, 2024 4:54:05 PM com.example.demo.Projectile finalize
INFO: com.example.demo.UserProjectile class is garbage collected
Nov 13, 2024 4:54:05 PM com.example.demo.Projectile finalize
INFO: com.example.demo.UserProjectile class is garbage collected
Nov 13, 2024 4:54:05 PM com.example.demo.Projectile finalize
INFO: com.example.demo.UserProjectile class is garbage collected
Nov 13, 2024 4:54:05 PM com.example.demo.Projectile finalize
INFO: com.example.demo.UserProjectile class is garbage collected
Nov 13, 2024 4:54:05 PM com.example.demo.Projectile finalize
INFO: com.example.demo.UserProjectile class is garbage collected
Nov 13, 2024 4:54:05 PM com.example.demo.Projectile finalize
INFO: com.example.demo.UserProjectile class is garbage collected
Nov 13, 2024 4:54:05 PM com.example.demo.Projectile finalize
INFO: com.example.demo.UserProjectile class is garbage collected
Nov 13, 2024 4:54:05 PM com.example.demo.Projectile finalize
INFO: com.example.demo.UserProjectile class is garbage collected
Nov 13, 2024 4:54:05 PM com.example.demo.Projectile finalize
INFO: com.example.demo.UserProjectile class is garbage collected
Nov 13, 2024 4:54:05 PM com.example.demo.Projectile finalize
INFO: com.example.demo.UserProjectile class is garbage collected
Nov 13, 2024 4:54:05 PM com.example.demo.Projectile finalize
INFO: com.example.demo.UserProjectile class is garbage collected
Nov 13, 2024 4:54:05 PM com.example.demo.Projectile finalize
INFO: com.example.demo.UserProjectile class is garbage collected
Nov 13, 2024 4:54:05 PM com.example.demo.Projectile finalize
INFO: com.example.demo.UserProjectile class is garbage collected
Nov 13, 2024 4:54:05 PM com.example.demo.Projectile finalize
INFO: com.example.demo.UserProjectile class is garbage collected
Nov 13, 2024 4:54:05 PM com.example.demo.Projectile finalize
INFO: com.example.demo.UserProjectile class is garbage collected
Nov 13, 2024 4:54:05 PM com.example.demo.Projectile finalize
INFO: com.example.demo.UserProjectile class is garbage collected
Nov 13, 2024 4:54:05 PM com.example.demo.Projectile finalize
INFO: com.example.demo.UserProjectile class is garbage collected
Nov 13, 2024 4:54:05 PM com.example.demo.Projectile finalize
INFO: com.example.demo.UserProjectile class is garbage collected
Nov 13, 2024 4:54:05 PM com.example.demo.Projectile finalize
INFO: com.example.demo.UserProjectile class is garbage collected
Nov 13, 2024 4:54:05 PM com.example.demo.Projectile finalize
INFO: com.example.demo.UserProjectile class is garbage collected
Nov 13, 2024 4:54:05 PM com.example.demo.Projectile finalize
INFO: com.example.demo.UserProjectile class is garbage collected
Nov 13, 2024 4:54:05 PM com.example.demo.Projectile finalize
INFO: com.example.demo.UserProjectile class is garbage collected
Nov 13, 2024 4:54:05 PM com.example.demo.Projectile finalize
INFO: com.example.demo.UserProjectile class is garbage collected
Nov 13, 2024 4:54:05 PM com.example.demo.Projectile finalize
INFO: com.example.demo.UserProjectile class is garbage collected
Nov 13, 2024 4:54:05 PM com.example.demo.Projectile finalize
INFO: com.example.demo.UserProjectile class is garbage collected
Nov 13, 2024 4:54:05 PM com.example.demo.Projectile finalize
INFO: com.example.demo.UserProjectile class is garbage collected
Nov 13, 2024 4:54:05 PM com.example.demo.Projectile finalize
INFO: com.example.demo.UserProjectile class is garbage collected
Nov 13, 2024 4:54:05 PM com.example.demo.Projectile finalize
INFO: com.example.demo.UserProjectile class is garbage collected
Nov 13, 2024 4:54:05 PM com.example.demo.Projectile finalize
INFO: com.example.demo.UserProjectile class is garbage collected
Nov 13, 2024 4:54:05 PM com.example.demo.Projectile finalize
INFO: com.example.demo.UserProjectile class is garbage collected
Nov 13, 2024 4:54:05 PM com.example.demo.Projectile finalize
INFO: com.example.demo.UserProjectile class is garbage collected
Nov 13, 2024 4:54:05 PM com.example.demo.Projectile finalize
INFO: com.example.demo.UserProjectile class is garbage collected
Nov 13, 2024 4:54:05 PM com.example.demo.Projectile finalize
INFO: com.example.demo.UserProjectile class is garbage collected
Nov 13, 2024 4:54:05 PM com.example.demo.Projectile finalize
INFO: com.example.demo.UserProjectile class is garbage collected
Nov 13, 2024 4:54:05 PM com.example.demo.Projectile finalize
INFO: com.example.demo.UserProjectile class is garbage collected
Nov 13, 2024 4:54:05 PM com.example.demo.Projectile finalize
INFO: com.example.demo.UserProjectile class is garbage collected
Nov 13, 2024 4:54:05 PM com.example.demo.Projectile finalize
INFO: com.example.demo.UserProjectile class is garbage collected
Nov 13, 2024 4:54:05 PM com.example.demo.Projectile finalize
INFO: com.example.demo.UserProjectile class is garbage collected
Nov 13, 2024 4:54:05 PM com.example.demo.Projectile finalize
INFO: com.example.demo.UserProjectile class is garbage collected
Nov 13, 2024 4:54:24 PM com.example.demo.Projectile finalize
INFO: com.example.demo.BossProjectile class is garbage collected
Nov 13, 2024 4:54:24 PM com.example.demo.Projectile finalize
INFO: com.example.demo.BossProjectile class is garbage collected
Nov 13, 2024 4:54:24 PM com.example.demo.Projectile finalize
INFO: com.example.demo.BossProjectile class is garbage collected
Nov 13, 2024 4:54:24 PM com.example.demo.Projectile finalize
INFO: com.example.demo.BossProjectile class is garbage collected
Nov 13, 2024 4:54:24 PM com.example.demo.Projectile finalize
INFO: com.example.demo.BossProjectile class is garbage collected
Nov 13, 2024 4:54:24 PM com.example.demo.Projectile finalize
INFO: com.example.demo.BossProjectile class is garbage collected
Nov 13, 2024 4:54:24 PM com.example.demo.Projectile finalize
INFO: com.example.demo.BossProjectile class is garbage collected
Nov 13, 2024 4:54:24 PM com.example.demo.Projectile finalize
INFO: com.example.demo.BossProjectile class is garbage collected
Nov 13, 2024 4:54:24 PM com.example.demo.Projectile finalize
INFO: com.example.demo.BossProjectile class is garbage collected
Nov 13, 2024 4:54:24 PM com.example.demo.Projectile finalize
INFO: com.example.demo.BossProjectile class is garbage collected
Nov 13, 2024 4:54:24 PM com.example.demo.Projectile finalize
INFO: com.example.demo.BossProjectile class is garbage collected
Nov 13, 2024 4:54:24 PM com.example.demo.Projectile finalize
INFO: com.example.demo.BossProjectile class is garbage collected
Nov 13, 2024 4:54:24 PM com.example.demo.Projectile finalize
INFO: com.example.demo.BossProjectile class is garbage collected
Nov 13, 2024 4:54:31 PM com.example.demo.Projectile finalize
INFO: com.example.demo.BossProjectile class is garbage collected
Nov 13, 2024 4:54:31 PM com.example.demo.Projectile finalize
INFO: com.example.demo.BossProjectile class is garbage collected
Nov 13, 2024 4:54:31 PM com.example.demo.Projectile finalize
INFO: com.example.demo.BossProjectile class is garbage collected
Nov 13, 2024 4:54:31 PM com.example.demo.LevelParent finalize
INFO: com.example.demo.LevelOne class is garbage collected
Nov 13, 2024 4:54:31 PM com.example.demo.Projectile finalize
INFO: com.example.demo.UserProjectile class is garbage collected
